Arguments: 
  /usr/local/bin/node /usr/local/Cellar/yarn/1.22.17_2/libexec/bin/yarn.js

PATH: 
  /usr/local/bin:/usr/local/sbin:/usr/local/bin:/System/Cryptexes/App/usr/bin:/usr/bin:/bin:/usr/sbin:/sbin:/Applications/VMware Fusion.app/Contents/Public:/usr/local/go/bin:/Library/Apple/usr/bin:/usr/local/sbin:/Users/xiao/.cargo/bin

Yarn version: 
  1.22.17

Node version: 
  18.19.0

Platform: 
  darwin x64

Trace: 
  SyntaxError: /Users/xiao/Desktop/dashboard-editor/package.json: Unexpected token } in JSON at position 3073
      at JSON.parse (<anonymous>)
      at /usr/local/Cellar/yarn/1.22.17_2/libexec/lib/cli.js:1625:59
      at Generator.next (<anonymous>)
      at step (/usr/local/Cellar/yarn/1.22.17_2/libexec/lib/cli.js:310:30)
      at /usr/local/Cellar/yarn/1.22.17_2/libexec/lib/cli.js:321:13

npm manifest: 
  {
    "name": "dashboard-editor",
    "version": "1.0.0",
    "main": "dist/main/index.cjs",
    "author": "Joel <xiao2731962667@163.com>",
    "license": "MIT",
    "scripts": {
      "dev": "node scripts/watch.mjs",
      "build": "vue-tsc --project src/renderer/tsconfig.json --noEmit && node scripts/build.mjs && electron-builder",
      "tsc": "vue-tsc --project src/renderer/tsconfig.json --noEmit",
      "es:fix": "eslint . --fix --ext .js,.jsx,.ts,.tsx,.vue,.html",
      "es:lint": "eslint . --ext .vue,.js,.ts,.jsx,.tsx,.html",
      "style:fix": "stylelint . --fix .css,.less,.scss",
      "style:lint": "stylelint . --aei .css,.less,.scss",
      "format": "prettier --write ./**/*.{vue,ts,js,scss,json,md}",
      "test": "jest",
      "log": "conventional-changelog -p custom-config -i CHANGELOG.md -s -r 0  -n ./changelog-option.js",
      "prepare": "husky install"
    },
    "changelog": {
      "bugsUrl": "https://github.com/huoyou/vue_cli3/issues/",
      "emojis": true,
      "authorName": true,
      "authorEmail": true
    },
    "lint-staged": {
      "./**/*.{js,jsx,ts,tsx,vue,html}": [
        "npm run es:fix"
      ],
      "./**/*.{css,less,scss}": [
        "npm run style:fix"
      ],
      "./**/*.{vue,ts,js,scss,json,md}": [
        "npm run format"
      ]
    },
    "engines": {
      "node": ">=14.17.0"
    },
    "dependencies": {
      "@commitlint/cli": "^18.6.0",
      "@commitlint/config-conventional": "^18.6.0",
      "@types/jest": "^29.5.1",
      "@typescript-eslint/eslint-plugin": "^6.20.0",
      "@vue/eslint-config-typescript": "^10.0.0",
      "@vue/test-utils": "^2.3.2",
      "@vueuse/core": "^7.6.2",
      "amfe-flexible": "^2.2.1",
      "autoprefixer": "^10.4.14",
      "axios": "^1.3.6",
      "conventional-changelog-cli": "^4.1.0",
      "conventional-changelog-custom-config": "^0.3.1",
      "eslint-plugin-jest": "^27.2.1",
     "eslint-plugin-vue": "^9.11.0",
      "jest": "^29.5.0",
      "naive-ui": "^2.34.3",
      "pinia": "^2.0.35",
      "pinia-plugin-persist": "^1.0.0",
      "postcss": "^8.4.23",
      "postcss-html": "^1.5.0",
      "postcss-pxtorem": "^6.0.0",
      "register-service-worker": "^1.7.2",
      "sass": "^1.62.1",
       "stylelint": "^15.6.0",
      "stylelint-config-prettier": "^9.0.5",
      "stylelint-config-recess-order": "^4.0.0",
      "stylelint-config-recommended-vue": "^1.4.0",
      "stylelint-config-standard-scss": "^9.0.0",
      "ts-jest": "^29.1.0",
      "typescript-eslint": "^0.0.1-alpha.0",
      "vfonts": "^0.0.3",
      "vue-global-api": "^0.4.1",
      "vue-jest": "^5.0.0-alpha.10",
      "vue-router": "^4.1.6"
    },
    "devDependencies": {
      "@typescript-eslint/parser": "^6.20.0",
      "@vitejs/plugin-vue": "^5.0.3",
      "@vitejs/plugin-vue-jsx": "^3.0.1",
      "electron": "16.0.8",
      "electron-builder": "^22.14.5",
      "eslint": "^8.39.0",
      "eslint-config-prettier": "^9.1.0",
      "eslint-plugin-prettier": "^5.1.3",
      "husky": "^9.0.10",
      "lint-staged": "^15.2.1",
      "prettier": "^3.2.5",
      "typescript": "^5.0.4",
      "vite": "^5.0.12",
      "vite-plugin-compression": "^0.5.1",
      "vite-plugin-resolve": "^1.4.3",
      "vue": "^3.2.47",
      "vue-tsc": "^1.4.4",
    },
    "env": {
      "//": "Used in build scripts",
      "HOST": "127.0.0.1",
      "PORT": 3344
    },
    "keywords": [
      "vite",
      "electron",
      "vue3",
      "rollup"
    ]
  }

yarn manifest: 
  No manifest

Lockfile: 
  No lockfile
